Arguments: 
  C:\Program Files\Git\mingw64\node.exe C:\Users\KEESN\AppData\Roaming\npm\node_modules\yarn\bin\yarn.js install

PATH: 
  C:\Program Files (x86)\Common Files\Intel\Shared Libraries\redist\intel64\compiler;C:\Windows\system32;C:\Windows;C:\Windows\System32\Wbem;C:\Windows\System32\WindowsPowerShell\v1.0\;C:\Windows\System32\OpenSSH\;C:\Program Files (x86)\NVIDIA Corporation\PhysX\Common;C:\Program Files\NVIDIA Corporation\NVIDIA NvDLISR;C:\WINDOWS\system32;C:\WINDOWS;C:\WINDOWS\System32\Wbem;C:\WINDOWS\System32\WindowsPowerShell\v1.0\;C:\WINDOWS\System32\OpenSSH\;C:\Users\KEESN\AppData\Local\Packages\PythonSoftwareFoundation.Python.3.9_qbz5n2kfra8p0\LocalCache\local-packages\Python39\Scripts;C:\Users\KEESN\AppData\Local\Packages\PythonSoftwareFoundation.Python.3.9_qbz5n2kfra8p0\LocalCache\local-packages\Python39;C:\Program Files\Git\cmd;C:\ProgramData\chocolatey\bin;;C:\Program Files\Git\mingw64\;C:\Program Files\PuTTY\;C:\Program Files\Amazon\AWSCLIV2\;C:\Program Files\dotnet\;C:\Program Files\Docker\Docker\resources\bin;C:\ProgramData\DockerDesktop\version-bin;C:\Users\KEESN\.local\share\solana\install\active_release\bin;C:\Users\KEESN\anaconda3;C:\Users\KEESN\anaconda3\Library\mingw-w64\bin;C:\Users\KEESN\anaconda3\Library\usr\bin;C:\Users\KEESN\anaconda3\Library\bin;C:\Users\KEESN\anaconda3\Scripts;C:\Users\KEESN\.cargo\bin;C:\Program Files\nodejs;C:\Users\KEESN\AppData\Local\Microsoft\WindowsApps;C:\Program Files\JetBrains\PyCharm 2021.3.1\bin;C:\Users\KEESN\AppData\Roaming\npm;C:\Users\KEESN\AppData\Local\Programs\Microsoft VS Code\bin;C:\Program Files\Amazon\AWSCLIV2\aws.exe;C:\Users\KEESN\AppData\Local\Packages\PythonSoftwareFoundation.Python.3.9_qbz5n2kfra8p0\LocalCache\local-packages\Python39\Scripts\aws.exe;C:\Users\KEESN\.dotnet\tools;C:\Program Files (x86)\Brackets\;C:\Users\KEESN\create_blockchain\;C:\Users\KEESN\AppData\Local\GitHubDesktop\bin

Yarn version: 
  1.22.17

Node version: 
  14.17.5

Platform: 
  win32 x64

Trace: 
  Error: connect ETIMEDOUT 104.16.21.35:443
      at TCPConnectWrap.afterConnect [as oncomplete] (net.js:1148:16)

npm manifest: 
  {
    "name": "dpp",
    "version": "0.1.0",
    "private": true,
    "dependencies": {
      "@testing-library/jest-dom": "^5.11.10",
      "@testing-library/react": "^11.2.6",
      "@testing-library/user-event": "^12.8.3",
      "jquery": "^3.3.1",
      "netlify-cli": "^3.31.14",
      "node-fetch": "^2.6.1",
      "popper.js": "^1.12.9",
      "react": "^17.0.2",
      "react-dom": "^17.0.2",
      "react-router-dom": "^5.2.0",
      "react-scripts": "4.0.3",
      "web-vitals": "^1.1.1"
    },
    "scripts": {
      "start": "react-scripts start",
      "build": "react-scripts build",
      "test": "react-scripts test",
      "eject": "react-scripts eject",
      "dev": "netlify dev"
    },
    "eslintConfig": {
      "extends": [
        "react-app",
        "react-app/jest"
      ]
    },
    "browserslist": {
      "production": [
        ">0.2%",
        "not dead",
        "not op_mini all"
      ],
      "development": [
        "last 1 chrome version",
        "last 1 firefox version",
        "last 1 safari version"
      ]
    },
    "main": "app.js",
    "repository": "https://github.com/crownholder/workshop-graphql-netflix",
    "author": "Michael Kees <keesnetflix.1@gmail.com>",
    "license": "MIT"
  }

yarn manifest: 
  No manifest

Lockfile: 
  No lockfile
